生成启动时间为 2024/10/31 21:47:45。
     1>项目“F:\VC2010.program\school_class\after_class_exercise 16\after_class_exercise 16\after_class_exercise 16.vcxproj”在节点 2 上(build 个目标)。
     1>InitializeBuildStatus:
         正在对“Debug\after_class_exercise 16.unsuccessfulbuild”执行 Touch 任务。
       ClCompile:
         所有输出均为最新。
       ManifestResourceCompile:
         所有输出均为最新。
       Link:
         C:\Program Files (x86)\Microsoft Visual Studio 10.0\VC\bin\link.exe /ERRORREPORT:PROMPT /OUT:"F:\VC2010.program\school_class\after_class_exercise 16\Debug\after_class_exercise 16.exe" /INCREMENTAL /NOLOGO kernel32.lib user32.lib gdi32.lib winspool.lib comdlg32.lib advapi32.lib shell32.lib ole32.lib oleaut32.lib uuid.lib odbc32.lib odbccp32.lib /MANIFEST /ManifestFile:"Debug\after_class_exercise 16.exe.intermediate.manifest" /MANIFESTUAC:"level='asInvoker' uiAccess='false'" /DEBUG /PDB:"F:\VC2010.program\school_class\after_class_exercise 16\Debug\after_class_exercise 16.pdb" /SUBSYSTEM:CONSOLE /TLBID:1 /DYNAMICBASE /NXCOMPAT /IMPLIB:"F:\VC2010.program\school_class\after_class_exercise 16\Debug\after_class_exercise 16.lib" /MACHINE:X86 "Debug\after_class_exercise 16.exe.embed.manifest.res"
         Debug\file_in.obj
         Debug\file_out.obj
         Debug\main.obj
         Debug\struct.obj
       Manifest:
         C:\Program Files (x86)\Microsoft SDKs\Windows\v7.0A\bin\mt.exe /nologo /verbose /out:"Debug\after_class_exercise 16.exe.embed.manifest" /manifest "Debug\after_class_exercise 16.exe.intermediate.manifest"
         所有输出均为最新。
       LinkEmbedManifest:
         所有输出均为最新。
         after_class_exercise 16.vcxproj -> F:\VC2010.program\school_class\after_class_exercise 16\Debug\after_class_exercise 16.exe
       FinalizeBuildStatus:
         正在删除文件“Debug\after_class_exercise 16.unsuccessfulbuild”。
         正在对“Debug\after_class_exercise 16.lastbuildstate”执行 Touch 任务。
     1>已完成生成项目“F:\VC2010.program\school_class\after_class_exercise 16\after_class_exercise 16\after_class_exercise 16.vcxproj”(build 个目标)的操作。

生成成功。

已用时间 00:00:01.13
